4/26/2016 10:49:05 PM	This log contains information about the import operation of the script 'TimeScannerDB.edmx.sql' into project 'TimeScanerDB' on computer 'DESKTOP-S3766LT' by user'joker.
4/26/2016 10:49:05 PM	Started importing file: C:\Users\joker\Documents\Git\timescan\TimeScanner.DSA\EF\TimeScannerDB.edmx.sql 
4/26/2016 10:49:05 PM	File name C:\Users\joker\Documents\Git\timescan\TimeScanner.DSA\EF\TimeScannerDB.edmx.sql (size: 5407)
4/26/2016 10:49:05 PM	Parsing import script
4/26/2016 10:49:05 PM	Total number of batches in script: 25
4/26/2016 10:49:05 PM	Total number of statements in script: 14
4/26/2016 10:49:05 PM	The script was successfully imported into the project.
4/26/2016 10:49:05 PM	Analyzing schema objects...
4/26/2016 10:49:05 PM	Scanning project for duplicate elements
4/26/2016 10:49:05 PM	Element 'TimeScanSet' was merged into the existing script: 'C:\Users\joker\Documents\Git\timescan\TimeScanerDB\dbo\Tables\TimeScanSet.sql'.
4/26/2016 10:49:05 PM	Element 'AbsenceSet' was merged into the existing script: 'C:\Users\joker\Documents\Git\timescan\TimeScanerDB\dbo\Tables\AbsenceSet.sql'.
4/26/2016 10:49:05 PM	Element 'CalendarSet' was merged into the existing script: 'C:\Users\joker\Documents\Git\timescan\TimeScanerDB\dbo\Tables\CalendarSet.sql'.
4/26/2016 10:49:05 PM	Element 'EmployeeSet' was merged into the existing script: 'C:\Users\joker\Documents\Git\timescan\TimeScanerDB\dbo\Tables\EmployeeSet.sql'.
4/26/2016 10:49:05 PM	Element 'TempEmployeeSet' was merged into the existing script: 'C:\Users\joker\Documents\Git\timescan\TimeScanerDB\dbo\Tables\TempEmployeeSet.sql'.
4/26/2016 10:49:05 PM	Element 'FK_EmployeeTimeScan' was merged into the existing script: 'C:\Users\joker\Documents\Git\timescan\TimeScanerDB\dbo\Tables\TimeScanSet.sql'.
4/26/2016 10:49:05 PM	Element 'FK_EmployeeAbsence' was merged into the existing script: 'C:\Users\joker\Documents\Git\timescan\TimeScanerDB\dbo\Tables\AbsenceSet.sql'.
4/26/2016 10:49:05 PM	Element 'PK_TimeScanSet' was merged into the existing script: 'C:\Users\joker\Documents\Git\timescan\TimeScanerDB\dbo\Tables\TimeScanSet.sql'.
4/26/2016 10:49:05 PM	Element 'PK_AbsenceSet' was merged into the existing script: 'C:\Users\joker\Documents\Git\timescan\TimeScanerDB\dbo\Tables\AbsenceSet.sql'.
4/26/2016 10:49:05 PM	Element 'PK_CalendarSet' was merged into the existing script: 'C:\Users\joker\Documents\Git\timescan\TimeScanerDB\dbo\Tables\CalendarSet.sql'.
4/26/2016 10:49:05 PM	Element 'PK_EmployeeSet' was merged into the existing script: 'C:\Users\joker\Documents\Git\timescan\TimeScanerDB\dbo\Tables\EmployeeSet.sql'.
4/26/2016 10:49:05 PM	Element 'PK_TempEmployeeSet' was merged into the existing script: 'C:\Users\joker\Documents\Git\timescan\TimeScanerDB\dbo\Tables\TempEmployeeSet.sql'.
4/26/2016 10:49:05 PM	Element 'IX_FK_EmployeeTimeScan' was merged into the existing script: 'C:\Users\joker\Documents\Git\timescan\TimeScanerDB\dbo\Tables\TimeScanSet.sql'.
4/26/2016 10:49:05 PM	Element 'IX_FK_EmployeeAbsence' was merged into the existing script: 'C:\Users\joker\Documents\Git\timescan\TimeScanerDB\dbo\Tables\AbsenceSet.sql'.
4/26/2016 10:49:05 PM	Finished duplicate element processing
4/26/2016 10:49:05 PM	In the script that you provided to the import operation, one or more statements were not fully understood. These statements were moved to the ScriptsIgnoredOnImport.sql file. Review the file contents for additional information.
4/26/2016 10:49:05 PM	A summary of the import was saved to the following location: C:\Users\joker\Documents\Git\timescan\TimeScanerDB\Import Script Logs\TimeScannerDB_edmx_s_20160426034905.log
4/26/2016 10:49:05 PM	Click Finish to continue...
